\BOOKMARK [1][-]{section*.1}{\376\377\000A\000b\000s\000t\000r\000a\000c\000t}{}% 1
\BOOKMARK [1][-]{section.1}{\376\377\0001\000\040\000P\000R\000O\000P\000E\000R\000T\000Y\000.}{}% 2
\BOOKMARK [2][-]{subsection.1.1}{\376\377\0001\000.\0001\000\040\000M\000E\000E\000T\000\040\000S\000T\000R\000E\000E\000T\000.}{section.1}% 3
\BOOKMARK [2][-]{subsection.1.2}{\376\377\0001\000.\0002\000\040\000Y\000O\000U\000R\000S\000E\000L\000F\000\040\000L\000I\000N\000E\000.}{section.1}% 4
\BOOKMARK [2][-]{subsection.1.3}{\376\377\0001\000.\0003\000\040\000T\000H\000E\000.}{section.1}% 5
\BOOKMARK [1][-]{section.2}{\376\377\0002\000\040\000I\000N\000D\000E\000E\000D\000\040\000E\000A\000S\000Y\000.}{}% 6
\BOOKMARK [2][-]{subsection.2.1}{\376\377\0002\000.\0001\000\040\000M\000A\000J\000O\000R\000\040\000Q\000U\000I\000T\000E\000.}{section.2}% 7
\BOOKMARK [2][-]{subsection.2.2}{\376\377\0002\000.\0002\000\040\000S\000K\000I\000L\000L\000.}{section.2}% 8
\BOOKMARK [2][-]{subsection.2.3}{\376\377\0002\000.\0003\000\040\000B\000E\000S\000T\000\040\000D\000I\000N\000N\000E\000R\000.}{section.2}% 9
\BOOKMARK [1][-]{section.3}{\376\377\0003\000\040\000R\000O\000C\000K\000.}{}% 10
\BOOKMARK [2][-]{subsection.3.1}{\376\377\0003\000.\0001\000\040\000B\000E\000F\000O\000R\000E\000.}{section.3}% 11
\BOOKMARK [2][-]{subsection.3.2}{\376\377\0003\000.\0002\000\040\000W\000H\000O\000S\000E\000\040\000S\000C\000O\000R\000E\000.}{section.3}% 12
\BOOKMARK [2][-]{subsection.3.3}{\376\377\0003\000.\0003\000\040\000M\000O\000D\000E\000R\000N\000\040\000S\000P\000E\000A\000K\000.}{section.3}% 13
\BOOKMARK [1][-]{section.4}{\376\377\0004\000\040\000E\000F\000F\000E\000C\000T\000.}{}% 14
\BOOKMARK [2][-]{subsection.4.1}{\376\377\0004\000.\0001\000\040\000W\000O\000R\000D\000\040\000A\000U\000T\000H\000O\000R\000I\000T\000Y\000.}{section.4}% 15
\BOOKMARK [2][-]{subsection.4.2}{\376\377\0004\000.\0002\000\040\000A\000G\000E\000N\000T\000.}{section.4}% 16
\BOOKMARK [1][-]{section.5}{\376\377\0005\000\040\000A\000R\000E\000A\000.}{}% 17
\BOOKMARK [2][-]{subsection.5.1}{\376\377\0005\000.\0001\000\040\000P\000E\000R\000S\000O\000N\000A\000L\000\040\000P\000R\000O\000G\000R\000A\000M\000.}{section.5}% 18
\BOOKMARK [2][-]{subsection.5.2}{\376\377\0005\000.\0002\000\040\000G\000U\000E\000S\000S\000.}{section.5}% 19
\BOOKMARK [2][-]{subsection.5.3}{\376\377\0005\000.\0003\000\040\000P\000I\000C\000T\000U\000R\000E\000\040\000S\000T\000O\000R\000Y\000.}{section.5}% 20
\BOOKMARK [1][-]{section*.14}{\376\377\000A\000c\000k\000n\000o\000w\000l\000e\000d\000g\000m\000e\000n\000t\000s}{}% 21
\BOOKMARK [1][-]{section*.16}{\376\377\000R\000e\000f\000e\000r\000e\000n\000c\000e\000s}{}% 22
