\BOOKMARK [1][-]{section*.1}{\376\377\000A\000b\000s\000t\000r\000a\000c\000t}{}% 1
\BOOKMARK [1][-]{section.1}{\376\377\0001\000\040\000N\000E\000A\000R\000\040\000R\000E\000S\000P\000O\000N\000S\000I\000B\000I\000L\000I\000T\000Y\000.}{}% 2
\BOOKMARK [2][-]{subsection.1.1}{\376\377\0001\000.\0001\000\040\000P\000e\000a\000c\000e\000.}{section.1}% 3
\BOOKMARK [2][-]{subsection.1.2}{\376\377\0001\000.\0002\000\040\000S\000c\000i\000e\000n\000t\000i\000s\000t\000\040\000r\000o\000c\000k\000.}{section.1}% 4
\BOOKMARK [2][-]{subsection.1.3}{\376\377\0001\000.\0003\000\040\000T\000h\000r\000e\000a\000t\000\040\000p\000o\000i\000n\000t\000.}{section.1}% 5
\BOOKMARK [1][-]{section.2}{\376\377\0002\000\040\000T\000H\000R\000E\000A\000T\000.}{}% 6
\BOOKMARK [2][-]{subsection.2.1}{\376\377\0002\000.\0001\000\040\000O\000u\000r\000\040\000o\000p\000t\000i\000o\000n\000.}{section.2}% 7
\BOOKMARK [2][-]{subsection.2.2}{\376\377\0002\000.\0002\000\040\000M\000i\000n\000d\000.}{section.2}% 8
\BOOKMARK [2][-]{subsection.2.3}{\376\377\0002\000.\0003\000\040\000R\000e\000q\000u\000i\000r\000e\000.}{section.2}% 9
\BOOKMARK [2][-]{subsection.2.4}{\376\377\0002\000.\0004\000\040\000G\000l\000a\000s\000s\000\040\000a\000n\000a\000l\000y\000s\000i\000s\000.}{section.2}% 10
\BOOKMARK [1][-]{section.3}{\376\377\0003\000\040\000B\000E\000H\000I\000N\000D\000.}{}% 11
\BOOKMARK [2][-]{subsection.3.1}{\376\377\0003\000.\0001\000\040\000F\000i\000r\000s\000t\000\040\000e\000a\000s\000y\000.}{section.3}% 12
\BOOKMARK [1][-]{section.4}{\376\377\0004\000\040\000S\000U\000D\000D\000E\000N\000L\000Y\000\040\000N\000O\000T\000.}{}% 13
\BOOKMARK [2][-]{subsection.4.1}{\376\377\0004\000.\0001\000\040\000E\000x\000p\000e\000r\000t\000.}{section.4}% 14
\BOOKMARK [2][-]{subsection.4.2}{\376\377\0004\000.\0002\000\040\000P\000i\000e\000c\000e\000\040\000s\000a\000v\000e\000.}{section.4}% 15
\BOOKMARK [2][-]{subsection.4.3}{\376\377\0004\000.\0003\000\040\000M\000a\000c\000h\000i\000n\000e\000.}{section.4}% 16
\BOOKMARK [1][-]{section.5}{\376\377\0005\000\040\000V\000O\000T\000E\000.}{}% 17
\BOOKMARK [2][-]{subsection.5.1}{\376\377\0005\000.\0001\000\040\000B\000o\000t\000h\000\040\000g\000r\000o\000u\000n\000d\000.}{section.5}% 18
\BOOKMARK [2][-]{subsection.5.2}{\376\377\0005\000.\0002\000\040\000D\000r\000u\000g\000.}{section.5}% 19
\BOOKMARK [2][-]{subsection.5.3}{\376\377\0005\000.\0003\000\040\000G\000e\000t\000.}{section.5}% 20
\BOOKMARK [1][-]{section*.10}{\376\377\000R\000e\000f\000e\000r\000e\000n\000c\000e\000s}{}% 21
